Drill report for keyboard.kicad_pcb
Created on do 02 feb 2023 22:28:20 CET

Copper Layer Stackup:
    =============================================================
    L1 :  F.Cu                      front
    L2 :  B.Cu                      back


Drill file 'keyboard-PTH.drl' contains
    plated through holes:
    =============================================================
    T1  0,400mm  0,0157"  (18 holes)
    T2  0,700mm  0,0276"  (134 holes)
    T3  1,040mm  0,0409"  (134 holes)
    T4  1,092mm  0,0430"  (29 holes)
    T5  1,200mm  0,0472"  (134 holes)

    Total plated holes count 449


Drill file 'keyboard-NPTH.drl' contains
    unplated through holes:
    =============================================================
    T1  1,200mm  0,0472"  (67 holes)
    T2  1,900mm  0,0748"  (134 holes)
    T3  3,400mm  0,1339"  (67 holes)

    Total unplated holes count 268
